2024-10-19T15:43:47.479-07:00  INFO 28668 --- [common] [main] pl.diplom.admin.AdminApplication         : Starting AdminApplication using Java 17.0.11 with PID 28668 (/Users/mihail/Documents/diplom-poland/DiplomProjectPoland/admin/target/classes started by mihail in /Users/mihail/Documents/diplom-poland/DiplomProjectPoland)
2024-10-19T15:43:47.487-07:00  INFO 28668 --- [common] [main] pl.diplom.admin.AdminApplication         : No active profile set, falling back to 1 default profile: "default"
2024-10-19T15:43:48.303-07:00  INFO 28668 --- [common] [main] .s.d.r.c.RepositoryConfigurationDelegate : Bootstrapping Spring Data JPA repositories in DEFAULT mode.
2024-10-19T15:43:48.393-07:00  INFO 28668 --- [common] [main] .s.d.r.c.RepositoryConfigurationDelegate : Finished Spring Data repository scanning in 75 ms. Found 11 JPA repository interfaces.
2024-10-19T15:43:49.770-07:00  INFO 28668 --- [common] [main] o.s.b.w.embedded.tomcat.TomcatWebServer  : Tomcat initialized with port 8080 (http)
2024-10-19T15:43:49.793-07:00  INFO 28668 --- [common] [main] o.apache.catalina.core.StandardService   : Starting service [Tomcat]
2024-10-19T15:43:49.794-07:00  INFO 28668 --- [common] [main] o.apache.catalina.core.StandardEngine    : Starting Servlet engine: [Apache Tomcat/10.1.26]
2024-10-19T15:43:49.854-07:00  INFO 28668 --- [common] [main] o.a.c.c.C.[Tomcat].[localhost].[/]       : Initializing Spring embedded WebApplicationContext
2024-10-19T15:43:49.855-07:00  INFO 28668 --- [common] [main] w.s.c.ServletWebServerApplicationContext : Root WebApplicationContext: initialization completed in 2305 ms
2024-10-19T15:43:50.060-07:00  INFO 28668 --- [common] [main] o.hibernate.jpa.internal.util.LogHelper  : HHH000204: Processing PersistenceUnitInfo [name: default]
2024-10-19T15:43:50.170-07:00  INFO 28668 --- [common] [main] org.hibernate.Version                    : HHH000412: Hibernate ORM core version 6.5.2.Final
2024-10-19T15:43:50.226-07:00  INFO 28668 --- [common] [main] o.h.c.internal.RegionFactoryInitiator    : HHH000026: Second-level cache disabled
2024-10-19T15:43:50.738-07:00  INFO 28668 --- [common] [main] o.s.o.j.p.SpringPersistenceUnitInfo      : No LoadTimeWeaver setup: ignoring JPA class transformer
2024-10-19T15:43:50.776-07:00  INFO 28668 --- [common] [main] com.zaxxer.hikari.HikariDataSource       : HikariPool-1 - Starting...
2024-10-19T15:43:50.989-07:00  INFO 28668 --- [common] [main] com.zaxxer.hikari.pool.HikariPool        : HikariPool-1 - Added connection org.postgresql.jdbc.PgConnection@604f376a
2024-10-19T15:43:50.991-07:00  INFO 28668 --- [common] [main] com.zaxxer.hikari.HikariDataSource       : HikariPool-1 - Start completed.
2024-10-19T15:43:51.049-07:00  WARN 28668 --- [common] [main] org.hibernate.orm.deprecation            : HHH90000025: PostgreSQLDialect does not need to be specified explicitly using 'hibernate.dialect' (remove the property setting and it will be selected by default)
2024-10-19T15:43:52.868-07:00  INFO 28668 --- [common] [main] o.h.e.t.j.p.i.JtaPlatformInitiator       : HHH000489: No JTA platform available (set 'hibernate.transaction.jta.platform' to enable JTA platform integration)
2024-10-19T15:43:53.105-07:00  INFO 28668 --- [common] [main] j.LocalContainerEntityManagerFactoryBean : Initialized JPA EntityManagerFactory for persistence unit 'default'
2024-10-19T15:43:53.637-07:00  INFO 28668 --- [common] [main] o.s.d.j.r.query.QueryEnhancerFactory     : Hibernate is in classpath; If applicable, HQL parser will be used.
2024-10-19T15:43:54.937-07:00  WARN 28668 --- [common] [main] JpaBaseConfiguration$JpaWebConfiguration : spring.jpa.open-in-view is enabled by default. Therefore, database queries may be performed during view rendering. Explicitly configure spring.jpa.open-in-view to disable this warning
2024-10-19T15:43:55.114-07:00  INFO 28668 --- [common] [main] o.s.b.w.embedded.tomcat.TomcatWebServer  : Tomcat started on port 8080 (http) with context path '/'
2024-10-19T15:43:55.511-07:00  INFO 28668 --- [common] [main] pl.diplom.admin.AdminApplication         : Started AdminApplication in 8.791 seconds (process running for 9.806)
2024-10-19T15:43:58.576-07:00  INFO 28668 --- [common] [SpringApplicationShutdownHook] j.LocalContainerEntityManagerFactoryBean : Closing JPA EntityManagerFactory for persistence unit 'default'
2024-10-19T15:43:58.579-07:00  INFO 28668 --- [common] [SpringApplicationShutdownHook] com.zaxxer.hikari.HikariDataSource       : HikariPool-1 - Shutdown initiated...
2024-10-19T15:43:58.583-07:00  INFO 28668 --- [common] [SpringApplicationShutdownHook] com.zaxxer.hikari.HikariDataSource       : HikariPool-1 - Shutdown completed.
